# JRE version: OpenJDK Runtime Environment (11.0.10) (build 11.0.10+0-b96-7249189)
# Java VM: OpenJDK 64-Bit Server VM (11.0.10+0-b96-7249189, mixed mode, tiered, compressed oops, g1 gc, linux-amd64)
Heap:
 garbage-first heap   total 524288K, used 219651K [0x00000000e0000000, 0x0000000100000000)
  region size 1024K, 73 young (74752K), 10 survivors (10240K)
 Metaspace       used 172709K, capacity 177784K, committed 178084K, reserved 411648K
  class space    used 20526K, capacity 22272K, committed 22272K, reserved 253952K
GC Heap History (20 events):
Event: 558.605 GC heap before
{Heap before GC invocations=262 (full 0):
 garbage-first heap   total 524288K, used 450585K [0x00000000e0000000, 0x0000000100000000)
  region size 1024K, 266 young (272384K), 4 survivors (4096K)
 Metaspace       used 161132K, capacity 165360K, committed 167972K, reserved 401408K
  class space    used 19080K, capacity 20645K, committed 21120K, reserved 253952K
}
Event: 558.699 GC heap after
{Heap after GC invocations=263 (full 0):
 garbage-first heap   total 524288K, used 242261K [0x00000000e0000000, 0x0000000100000000)
  region size 1024K, 34 young (34816K), 34 survivors (34816K)
 Metaspace       used 161132K, capacity 165360K, committed 167972K, reserved 401408K
  class space    used 19080K, capacity 20645K, committed 21120K, reserved 253952K
}
Event: 558.721 GC heap before
{Heap before GC invocations=263 (full 0):
 garbage-first heap   total 524288K, used 242261K [0x00000000e0000000, 0x0000000100000000)
  region size 1024K, 35 young (35840K), 34 survivors (34816K)
 Metaspace       used 161132K, capacity 165360K, committed 167972K, reserved 401408K
  class space    used 19080K, capacity 20645K, committed 21120K, reserved 253952K
}
Event: 558.802 GC heap after
{Heap after GC invocations=264 (full 0):
 garbage-first heap   total 524288K, used 244480K [0x00000000e0000000, 0x0000000100000000)
  region size 1024K, 2 young (2048K), 2 survivors (2048K)
 Metaspace       used 161132K, capacity 165360K, committed 167972K, reserved 401408K
  class space    used 19080K, capacity 20645K, committed 21120K, reserved 253952K
}
Event: 559.086 GC heap before
{Heap before GC invocations=264 (full 0):
 garbage-first heap   total 524288K, used 280320K [0x00000000e0000000, 0x0000000100000000)
  region size 1024K, 30 young (30720K), 2 survivors (2048K)
 Metaspace       used 161132K, capacity 165360K, committed 167972K, reserved 401408K
  class space    used 19080K, capacity 20645K, committed 21120K, reserved 253952K
}
Event: 559.099 GC heap after
{Heap after GC invocations=265 (full 0):
 garbage-first heap   total 524288K, used 256000K [0x00000000e0000000, 0x0000000100000000)
  region size 1024K, 4 young (4096K), 4 survivors (4096K)
 Metaspace       used 161132K, capacity 165360K, committed 167972K, reserved 401408K
  class space    used 19080K, capacity 20645K, committed 21120K, reserved 253952K
}
Event: 559.310 GC heap before
{Heap before GC invocations=265 (full 0):
 garbage-first heap   total 524288K, used 309248K [0x00000000e0000000, 0x0000000100000000)
  region size 1024K, 60 young (61440K), 4 survivors (4096K)
 Metaspace       used 161132K, capacity 165360K, committed 167972K, reserved 401408K
  class space    used 19080K, capacity 20645K, committed 21120K, reserved 253952K
}
Event: 559.331 GC heap after
{Heap after GC invocations=266 (full 0):
 garbage-first heap   total 524288K, used 260096K [0x00000000e0000000, 0x0000000100000000)
  region size 1024K, 8 young (8192K), 8 survivors (8192K)
 Metaspace       used 161132K, capacity 165360K, committed 167972K, reserved 401408K
  class space    used 19080K, capacity 20645K, committed 21120K, reserved 253952K
}
Event: 561.261 GC heap before
{Heap before GC invocations=267 (full 0):
 garbage-first heap   total 524288K, used 444416K [0x00000000e0000000, 0x0000000100000000)
  region size 1024K, 90 young (92160K), 8 survivors (8192K)
 Metaspace       used 164071K, capacity 168402K, committed 168612K, reserved 401408K
  class space    used 19576K, capacity 21162K, committed 21248K, reserved 253952K
}
Event: 561.294 GC heap after
{Heap after GC invocations=268 (full 0):
 garbage-first heap   total 524288K, used 254948K [0x00000000e0000000, 0x0000000100000000)
  region size 1024K, 3 young (3072K), 3 survivors (3072K)
 Metaspace       used 164071K, capacity 168402K, committed 168612K, reserved 401408K
  class space    used 19576K, capacity 21162K, committed 21248K, reserved 253952K
}
Event: 561.445 GC heap before
{Heap before GC invocations=268 (full 0):
 garbage-first heap   total 524288K, used 277476K [0x00000000e0000000, 0x0000000100000000)
  region size 1024K, 25 young (25600K), 3 survivors (3072K)
 Metaspace       used 164196K, capacity 168571K, committed 168868K, reserved 403456K
  class space    used 19583K, capacity 21197K, committed 21248K, reserved 253952K
}
Event: 561.477 GC heap after
{Heap after GC invocations=269 (full 0):
 garbage-first heap   total 524288K, used 234986K [0x00000000e0000000, 0x0000000100000000)
  region size 1024K, 2 young (2048K), 2 survivors (2048K)
 Metaspace       used 164196K, capacity 168571K, committed 168868K, reserved 403456K
  class space    used 19583K, capacity 21197K, committed 21248K, reserved 253952K
}
Event: 562.281 GC heap before
{Heap before GC invocations=269 (full 0):
 garbage-first heap   total 524288K, used 299498K [0x00000000e0000000, 0x0000000100000000)
  region size 1024K, 66 young (67584K), 2 survivors (2048K)
 Metaspace       used 166218K, capacity 170627K, committed 170916K, reserved 403456K
  class space    used 19815K, capacity 21454K, committed 21504K, reserved 253952K
}
Event: 562.317 GC heap after
{Heap after GC invocations=270 (full 0):
 garbage-first heap   total 524288K, used 237362K [0x00000000e0000000, 0x0000000100000000)
  region size 1024K, 4 young (4096K), 4 survivors (4096K)
 Metaspace       used 166218K, capacity 170627K, committed 170916K, reserved 403456K
  class space    used 19815K, capacity 21454K, committed 21504K, reserved 253952K
}
Event: 563.643 GC heap before
{Heap before GC invocations=271 (full 0):
 garbage-first heap   total 524288K, used 292497K [0x00000000e0000000, 0x0000000100000000)
  region size 1024K, 130 young (133120K), 4 survivors (4096K)
 Metaspace       used 171229K, capacity 176123K, committed 176420K, reserved 409600K
  class space    used 20362K, capacity 22062K, committed 22144K, reserved 253952K
}
Event: 563.658 GC heap after
{Heap after GC invocations=272 (full 0):
 garbage-first heap   total 524288K, used 170391K [0x00000000e0000000, 0x0000000100000000)
  region size 1024K, 11 young (11264K), 11 survivors (11264K)
 Metaspace       used 171229K, capacity 176123K, committed 176420K, reserved 409600K
  class space    used 20362K, capacity 22062K, committed 22144K, reserved 253952K
}
Event: 590.236 GC heap before
{Heap before GC invocations=272 (full 0):
 garbage-first heap   total 524288K, used 183703K [0x00000000e0000000, 0x0000000100000000)
  region size 1024K, 25 young (25600K), 11 survivors (11264K)
 Metaspace       used 171237K, capacity 176123K, committed 176420K, reserved 409600K
  class space    used 20362K, capacity 22062K, committed 22144K, reserved 253952K
}
Event: 590.267 GC heap after
{Heap after GC invocations=273 (full 0):
 garbage-first heap   total 524288K, used 149085K [0x00000000e0000000, 0x0000000100000000)
  region size 1024K, 3 young (3072K), 3 survivors (3072K)
 Metaspace       used 171237K, capacity 176123K, committed 176420K, reserved 409600K
  class space    used 20362K, capacity 22062K, committed 22144K, reserved 253952K
}
Event: 812.971 GC heap before
{Heap before GC invocations=273 (full 0):
 garbage-first heap   total 524288K, used 326237K [0x00000000e0000000, 0x0000000100000000)
  region size 1024K, 177 young (181248K), 3 survivors (3072K)
 Metaspace       used 172653K, capacity 177720K, committed 177828K, reserved 409600K
  class space    used 20526K, capacity 22272K, committed 22272K, reserved 253952K
}
Event: 813.091 GC heap after
{Heap after GC invocations=274 (full 0):
 garbage-first heap   total 524288K, used 156163K [0x00000000e0000000, 0x0000000100000000)
  region size 1024K, 10 young (10240K), 10 survivors (10240K)
 Metaspace       used 172653K, capacity 177720K, committed 177828K, reserved 409600K
  class space    used 20526K, capacity 22272K, committed 22272K, reserved 253952K
}

